[debug] [2024-10-02T07:50:36.658Z] ----------------------------------------------------------------------
[debug] [2024-10-02T07:50:36.661Z] Command:       C:\Program Files\nodejs\node.exe C:\Program Files\nodejs\node_modules\firebase-tools\lib\bin\firebase.js init
[debug] [2024-10-02T07:50:36.662Z] CLI Version:   13.20.2
[debug] [2024-10-02T07:50:36.662Z] Platform:      win32
[debug] [2024-10-02T07:50:36.662Z] Node Version:  v18.17.0
[debug] [2024-10-02T07:50:36.664Z] Time:          Wed Oct 02 2024 13:20:36 GMT+0530 (India Standard Time)
[debug] [2024-10-02T07:50:36.664Z] ----------------------------------------------------------------------
[debug] 
[debug] [2024-10-02T07:50:36.678Z] > command requires scopes: ["email","openid","https://www.googleapis.com/auth/cloudplatformprojects.readonly","https://www.googleapis.com/auth/firebase","https://www.googleapis.com/auth/cloud-platform"]
[debug] [2024-10-02T07:50:36.679Z] > authorizing via signed-in user (gonfreecsshqh@gmail.com)
[info] 
     ######## #### ########  ######## ########     ###     ######  ########
     ##        ##  ##     ## ##       ##     ##  ##   ##  ##       ##
     ######    ##  ########  ######   ########  #########  ######  ######
     ##        ##  ##    ##  ##       ##     ## ##     ##       ## ##
     ##       #### ##     ## ######## ########  ##     ##  ######  ########

You're about to initialize a Firebase project in this directory:

  C:\Users\031an\OneDrive\Desktop\drive_fb_project

[info] 
=== Project Setup
[info] 
[info] First, let's associate this project directory with a Firebase project.
[info] You can create multiple project aliases by running firebase use --add, 
[info] but for now we'll just set up a default project.
[info] 
[debug] [2024-10-02T07:50:52.800Z] Checked if tokens are valid: true, expires at: 1727858745904
[debug] [2024-10-02T07:50:52.801Z] Checked if tokens are valid: true, expires at: 1727858745904
[debug] [2024-10-02T07:50:52.805Z] >>> [apiv2][query] GET https://firebase.googleapis.com/v1beta1/projects pageSize=100
[debug] [2024-10-02T07:50:54.400Z] <<< [apiv2][status] GET https://firebase.googleapis.com/v1beta1/projects 200
[debug] [2024-10-02T07:50:54.401Z] <<< [apiv2][body] GET https://firebase.googleapis.com/v1beta1/projects [omitted]
[info] i  Using project simple-pics-81b43 (simple pics) 
[info] 
=== Hosting Setup
[debug] [2024-10-02T07:50:55.487Z] Checked if tokens are valid: true, expires at: 1727858745904
[debug] [2024-10-02T07:50:55.488Z] Checked if tokens are valid: true, expires at: 1727858745904
[debug] [2024-10-02T07:50:55.488Z] >>> [apiv2][query] GET https://firebase.googleapis.com/v1beta1/projects/simple-pics-81b43 [none]
[debug] [2024-10-02T07:50:56.120Z] <<< [apiv2][status] GET https://firebase.googleapis.com/v1beta1/projects/simple-pics-81b43 200
[debug] [2024-10-02T07:50:56.120Z] <<< [apiv2][body] GET https://firebase.googleapis.com/v1beta1/projects/simple-pics-81b43 {"projectId":"simple-pics-81b43","projectNumber":"699215184275","displayName":"simple pics","name":"projects/simple-pics-81b43","resources":{"hostingSite":"simple-pics-81b43"},"state":"ACTIVE","etag":"1_9576d1c3-17cf-4b3a-9e4f-772a75d9d238"}
[info] 
[info] Your public directory is the folder (relative to your project directory) that
[info] will contain Hosting assets to be uploaded with firebase deploy. If you
[info] have a build process for your assets, use your build's output directory.
[info] 
[debug] [2024-10-02T07:51:43.225Z] >>> [apiv2][query] GET https://www.gstatic.com/firebasejs/releases.json [none]
[debug] [2024-10-02T07:51:44.238Z] <<< [apiv2][status] GET https://www.gstatic.com/firebasejs/releases.json 200
[debug] [2024-10-02T07:51:44.238Z] <<< [apiv2][body] GET https://www.gstatic.com/firebasejs/releases.json {"current":{"version":"10.14.0","browserURL":"https://www.gstatic.com/firebasejs/10.14.0/firebase.js","packageURL":"https://www.gstatic.com/firebasejs/10.14.0/firebase.tgz"},"live":{"version":"10.14","browserURL":"https://www.gstatic.com/firebasejs/live/10.14/firebase.js","packageURL":"https://www.gstatic.com/firebasejs/live/10.14/firebase.tgz"},"components":{"analytics":"https://www.gstatic.com/firebasejs/10.14.0/firebase-analytics.js","app":"https://www.gstatic.com/firebasejs/10.14.0/firebase-app.js","app-check":"https://www.gstatic.com/firebasejs/10.14.0/firebase-app-check.js","auth":"https://www.gstatic.com/firebasejs/10.14.0/firebase-auth.js","auth/cordova":"https://www.gstatic.com/firebasejs/10.14.0/firebase-auth/cordova.js","auth/web-extension":"https://www.gstatic.com/firebasejs/10.14.0/firebase-auth/web-extension.js","functions":"https://www.gstatic.com/firebasejs/10.14.0/firebase-functions.js","firestore":"https://www.gstatic.com/firebasejs/10.14.0/firebase-firestore.js","firestore/lite":"https://www.gstatic.com/firebasejs/10.14.0/firebase-firestore/lite.js","installations":"https://www.gstatic.com/firebasejs/10.14.0/firebase-installations.js","storage":"https://www.gstatic.com/firebasejs/10.14.0/firebase-storage.js","performance":"https://www.gstatic.com/firebasejs/10.14.0/firebase-performance.js","remote-config":"https://www.gstatic.com/firebasejs/10.14.0/firebase-remote-config.js","messaging":"https://www.gstatic.com/firebasejs/10.14.0/firebase-messaging.js","messaging/sw":"https://www.gstatic.com/firebasejs/10.14.0/firebase-messaging/sw.js","database":"https://www.gstatic.com/firebasejs/10.14.0/firebase-database.js","data-connect":"https://www.gstatic.com/firebasejs/10.14.0/firebase-data-connect.js","vertexai-preview":"https://www.gstatic.com/firebasejs/10.14.0/firebase-vertexai-preview.js","firestore.memory":"https://www.gstatic.com/firebasejs/10.14.0/firebase-firestore.memory.js"}}
[info] +  Wrote public/index.html 
[info] 
[info] i  Didn't detect a .git folder. Assuming C:\Users\031an\OneDrive\Desktop\drive_fb_project is the project root. 
[info] i  Authorizing with GitHub to upload your service account to a GitHub repository's secrets store. 
[info] 
[info] Visit this URL on this device to log in:
[info] https://github.com/login/oauth/authorize?client_id=89cf50f02ac6aaed3484&state=246844106&redirect_uri=http%3A%2F%2Flocalhost%3A9005&scope=read%3Auser%20repo%20public_repo
[info] 
[info] Waiting for authentication...
[debug] [2024-10-02T07:56:51.451Z] >>> [apiv2][query] POST https://github.com/login/oauth/access_token [none]
[debug] [2024-10-02T07:56:51.451Z] >>> [apiv2][body] POST https://github.com/login/oauth/access_token [stream]
[debug] [2024-10-02T07:56:52.348Z] <<< [apiv2][status] POST https://github.com/login/oauth/access_token 200
[debug] [2024-10-02T07:56:52.348Z] <<< [apiv2][body] POST https://github.com/login/oauth/access_token {"access_token":"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","token_type":"bearer","scope":"read:user,repo"}
[debug] [2024-10-02T07:56:52.357Z] >>> [apiv2][query] GET https://api.github.com/user [none]
[debug] [2024-10-02T07:56:53.986Z] <<< [apiv2][status] GET https://api.github.com/user 200
[debug] [2024-10-02T07:56:53.986Z] <<< [apiv2][body] GET https://api.github.com/user {"login":"coderborwell","id":183588139,"node_id":"U_kgDOCvFVKw","avatar_url":"https://avatars.githubusercontent.com/u/183588139?v=4","gravatar_id":"","url":"https://api.github.com/users/coderborwell","html_url":"https://github.com/coderborwell","followers_url":"https://api.github.com/users/coderborwell/followers","following_url":"https://api.github.com/users/coderborwell/following{/other_user}","gists_url":"https://api.github.com/users/coderborwell/gists{/gist_id}","starred_url":"https://api.github.com/users/coderborwell/starred{/owner}{/repo}","subscriptions_url":"https://api.github.com/users/coderborwell/subscriptions","organizations_url":"https://api.github.com/users/coderborwell/orgs","repos_url":"https://api.github.com/users/coderborwell/repos","events_url":"https://api.github.com/users/coderborwell/events{/privacy}","received_events_url":"https://api.github.com/users/coderborwell/received_events","type":"User","site_admin":false,"name":null,"company":null,"blog":"","location":null,"email":null,"hireable":null,"bio":null,"twitter_username":null,"notification_email":null,"public_repos":0,"public_gists":0,"followers":0,"following":0,"created_at":"2024-10-02T07:55:45Z","updated_at":"2024-10-02T07:55:52Z","private_gists":0,"total_private_repos":0,"owned_private_repos":0,"disk_usage":0,"collaborators":0,"two_factor_authentication":false,"plan":{"name":"free","space":976562499,"collaborators":0,"private_repos":10000}}
[info] 
[info] +  Success! Logged into GitHub as coderborwell 
[info] 
